2014-08-01 20:12:54 -0400	Game Balance:21.364	SC Balance:2.98004236
2014-08-01 20:16:05 -0400	Game Balance:21.364	SC Balance:2.98004236
2014-08-01 20:16:05 -0400	Playing 1 throws, Min: 0.01, Max: 1.0
2014-08-01 20:21:57 -0400	Game Balance:21.364	SC Balance:2.98004236
2014-08-01 20:21:57 -0400	Playing 1 throws, Min: 0.01, Max: 1.0
2014-08-12 14:37:32 -0400	Game Balance:22.226	SC Balance:2.68555924
2014-08-12 14:37:32 -0400	Playing 1 throws, Min: 0.01, Max: 1.0
2014-08-12 14:43:31 -0400	Game Balance:22.226	SC Balance:2.68555924
2014-08-12 14:43:31 -0400	Playing 1 throws, Min: 0.01, Max: 1.0
2014-08-12 14:43:52 -0400	Game Balance:22.226	SC Balance:2.68555924
2014-08-12 14:43:52 -0400	Playing 1 throws, Min: 0.01, Max: 1.0
2014-08-12 14:49:09 -0400	Game Balance:22.226	SC Balance:2.68555924
2014-08-12 14:49:09 -0400	Playing 1 throws, Min: 0.01, Max: 1.0
2014-08-12 14:49:09 -0400	Our Bet: 8.65722038
2014-08-12 14:49:33 -0400	Game Balance:22.226	SC Balance:2.68555924
2014-08-12 14:49:33 -0400	Playing 1 throws, Min: 0.01, Max: 1.0
2014-08-12 14:49:33 -0400	Our Bet: 8.65722038
2014-08-12 14:50:44 -0400	Game Balance:22.226	SC Balance:2.68555924
2014-08-12 14:50:44 -0400	Playing 1 throws, Min: 0.01, Max: 1.0
2014-08-12 14:50:44 -0400	Our Bet: 8.65722038	 TX: 
2014-08-12 14:51:07 -0400	Game Balance:22.226	SC Balance:2.68555924
2014-08-12 14:51:07 -0400	Playing 1 throws, Min: 0.01, Max: 1.0
2014-08-12 14:51:07 -0400	Our Bet: 8.65722038	 TX: 
2014-08-12 14:59:34 -0400	Game Balance:22.226	SC Balance:1.68555924
2014-08-12 14:59:34 -0400	Playing 1 throws, Min: 0.01, Max: 1.0
2014-08-12 14:59:34 -0400	Our Bet: 9.15722038	 TX: 
2014-08-12 15:07:07 -0400	Game Balance:22.226	SC Balance:0.0
2014-08-12 15:07:07 -0400	Playing 1 throws, Min: 0.01, Max: 1.0
2014-08-12 15:07:07 -0400	Our Bet: 10.0	 TX: 
2014-08-12 15:08:02 -0400	Game Balance:22.226	SC Balance:12.68565924
2014-08-12 15:08:02 -0400	Playing 1 throws, Min: 0.01, Max: 1.0
2014-08-12 15:08:02 -0400	Our Bet: 3.65717038	 TX: 
2014-08-12 15:10:28 -0400	Game Balance:22.226	SC Balance:12.68565924
2014-08-12 15:10:28 -0400	Playing 1 throws, Min: 0.01, Max: 1.0
2014-08-12 15:10:28 -0400	Our Bet: 3.65717038	 TX: 
2014-08-12 15:18:26 -0400	Game Balance:22.241	SC Balance:2.67036598
2014-08-12 15:18:26 -0400	Playing 1 throws, Min: 0.01, Max: 1.0
2014-08-12 15:18:26 -0400	Our Bet: 8.66481701	 TX: 
2014-08-12 15:20:28 -0400	Game Balance:22.241	SC Balance:2.67036598
2014-08-12 15:20:28 -0400	Playing 1 throws, Min: 0.01, Max: 1.0
2014-08-12 15:20:28 -0400	Our Bet: 8.66481701	 TX: 
2014-08-12 15:21:28 -0400	Game Balance:22.241	SC Balance:2.67036598
2014-08-12 15:21:28 -0400	Playing 1 throws, Min: 0.01, Max: 1.0
2014-08-12 15:21:28 -0400	Our Bet: 8.66481701	 TX: 
2014-08-12 15:23:27 -0400	Game Balance:22.241	SC Balance:2.67036598
2014-08-12 15:23:27 -0400	Playing 1 throws, Min: 0.01, Max: 1.0
2014-08-12 15:23:27 -0400	Our Bet: 1.0	 TX: 
2014-08-12 15:24:15 -0400	Game Balance:22.241	SC Balance:2.67036598
2014-08-12 15:24:15 -0400	Playing 1 throws, Min: 0.01, Max: 1.0
2014-08-12 15:24:15 -0400	Our Bet: 1.0	 TX: 
2014-08-12 16:45:04 -0400	Game Balance:23.241	SC Balance:1.67026464
2014-08-12 16:45:04 -0400	Playing 1 throws, Min: 0.01, Max: 1.0
2014-08-12 16:45:04 -0400	Our Bet: 1.0	 TX: 
2014-08-12 16:45:04 -0400	SC Sent: 
2014-08-12 16:49:00 -0400	Game Balance:23.241	SC Balance:1.67026464
2014-08-12 16:49:00 -0400	Playing 1 throws, Min: 0.01, Max: 1.0
2014-08-12 16:49:00 -0400	Our Bet: 1.0	 TX: 
2014-08-12 16:49:00 -0400	SC Sent: d4729bc7f3c34380b1ef09e807e66d79c26e0de9865c09c85ceb9d215fb27348
2014-08-12 16:54:29 -0400	Game Balance:24.241	SC Balance:0.67016375
2014-08-12 16:54:29 -0400	Playing 1 throws, Min: 0.01, Max: 1.0
2014-08-12 16:54:29 -0400	Our Bet: 0.664918125	 TX: 
2014-08-12 16:55:36 -0400	Game Balance:24.241	SC Balance:0.67016375
2014-08-12 16:55:36 -0400	Playing 1 throws, Min: 0.01, Max: 1.0
2014-08-12 16:55:36 -0400	Our Bet: 0.664918125	 TX: 
2014-08-12 16:55:36 -0400	SC Sent: b80ae0efadba6676be97c51d8c8353f881152f8f5db516ff10c52b711d6ffb01
